<?xml version="1.0" encoding="UTF-8"?>
<!-- Generated by org.testng.reporters.JUnitReportReporter -->
<testsuite name="pe.edu.upeu.seleniumwebdrivertest.test.CucumberTestRunner" tests="3" time="50.580" ignored="0" failures="0" timestamp="22 dic 2020 17:32:34 GMT" skipped="0" hostname="LAPTOP-5OK2TM9I" errors="0">
  <testcase name="runScenario" time="17.457" classname="pe.edu.upeu.seleniumwebdrivertest.test.CucumberTestRunner"/>
  <testcase name="runScenario" time="17.767" classname="pe.edu.upeu.seleniumwebdrivertest.test.CucumberTestRunner"/>
  <testcase name="runScenario" time="15.356" classname="pe.edu.upeu.seleniumwebdrivertest.test.CucumberTestRunner"/>
</testsuite> <!-- pe.edu.upeu.seleniumwebdrivertest.test.CucumberTestRunner -->
