<?xml version="1.0" encoding="UTF-8"?>
<!-- Generated by org.testng.reporters.JUnitReportReporter -->
<testsuite name="pe.edu.upeu.seleniumwebdrivertest.test.SeleniumTestEjemplo" tests="1" time="1.539" ignored="0" failures="0" timestamp="09 dic 2020 15:27:19 GMT" skipped="0" hostname="LAPTOP-5OK2TM9I" errors="0">
  <testcase name="loginPositivoTest" time="1.539" classname="pe.edu.upeu.seleniumwebdrivertest.test.SeleniumTestEjemplo"/>
</testsuite> <!-- pe.edu.upeu.seleniumwebdrivertest.test.SeleniumTestEjemplo -->
